INFO buildroot.py:348:  Mock Version: 1.4.9
DEBUG util.py:111:  ensuring that dir exists: /var/lib/mock/rhel7-x86_64-u7-oci_ol7_package_builder-997-build0/root/dev/pts
DEBUG util.py:114:  creating dir: /var/lib/mock/rhel7-x86_64-u7-oci_ol7_package_builder-997-build0/root/dev/pts
DEBUG util.py:111:  ensuring that dir exists: /var/lib/mock/rhel7-x86_64-u7-oci_ol7_package_builder-997-build0/root/dev/shm
DEBUG util.py:114:  creating dir: /var/lib/mock/rhel7-x86_64-u7-oci_ol7_package_builder-997-build0/root/dev/shm
DEBUG buildroot.py:479:  kernel version == 4.14.35-1902.3.1.el7uek.x86_64
DEBUG util.py:124:  touching file: /var/lib/mock/rhel7-x86_64-u7-oci_ol7_package_builder-997-build0/root/etc/fstab
DEBUG util.py:124:  touching file: /var/lib/mock/rhel7-x86_64-u7-oci_ol7_package_builder-997-build0/root/etc/yum/yum.conf
DEBUG util.py:124:  touching file: /var/lib/mock/rhel7-x86_64-u7-oci_ol7_package_builder-997-build0/root/etc/dnf/dnf.conf
DEBUG util.py:124:  touching file: /var/lib/mock/rhel7-x86_64-u7-oci_ol7_package_builder-997-build0/root/var/log/yum.log
DEBUG util.py:111:  ensuring that dir exists: /var/lib/mock/rhel7-x86_64-u7-oci_ol7_package_builder-997-build0/root/proc
DEBUG util.py:642:  child environment: None
DEBUG util.py:569:  Executing command: ['/bin/mount', '-n', '-t', 'proc', 'proc', '/var/lib/mock/rhel7-x86_64-u7-oci_ol7_package_builder-997-build0/root/proc'] with env {'LANG': 'en_US.UTF-8', 'TERM': 'vt100', 'SHELL': '/bin/sh', 'HOSTNAME': 'mock', 'HOME': '/builddir', 'PATH': '/usr/bin:/bin:/usr/sbin:/sbin'} and shell False
DEBUG util.py:624:  Child return code was: 0
DEBUG util.py:111:  ensuring that dir exists: /var/lib/mock/rhel7-x86_64-u7-oci_ol7_package_builder-997-build0/root/sys
DEBUG util.py:642:  child environment: None
DEBUG util.py:569:  Executing command: ['/bin/mount', '-n', '-t', 'sysfs', 'sysfs', '/var/lib/mock/rhel7-x86_64-u7-oci_ol7_package_builder-997-build0/root/sys'] with env {'LANG': 'en_US.UTF-8', 'TERM': 'vt100', 'SHELL': '/bin/sh', 'HOSTNAME': 'mock', 'HOME': '/builddir', 'PATH': '/usr/bin:/bin:/usr/sbin:/sbin'} and shell False
DEBUG util.py:624:  Child return code was: 0
DEBUG util.py:111:  ensuring that dir exists: /var/lib/mock/rhel7-x86_64-u7-oci_ol7_package_builder-997-build0/root/dev/shm
DEBUG util.py:642:  child environment: None
DEBUG util.py:569:  Executing command: ['/bin/mount', '-n', '-t', 'tmpfs', 'tmpfs', '/var/lib/mock/rhel7-x86_64-u7-oci_ol7_package_builder-997-build0/root/dev/shm'] with env {'LANG': 'en_US.UTF-8', 'TERM': 'vt100', 'SHELL': '/bin/sh', 'HOSTNAME': 'mock', 'HOME': '/builddir', 'PATH': '/usr/bin:/bin:/usr/sbin:/sbin'} and shell False
DEBUG util.py:624:  Child return code was: 0
DEBUG util.py:111:  ensuring that dir exists: /var/lib/mock/rhel7-x86_64-u7-oci_ol7_package_builder-997-build0/root/dev/pts
DEBUG util.py:642:  child environment: None
DEBUG util.py:569:  Executing command: ['/bin/mount', '-n', '-t', 'devpts', '-o', 'gid=5,mode=0620,ptmxmode=0666,newinstance', 'devpts', '/var/lib/mock/rhel7-x86_64-u7-oci_ol7_package_builder-997-build0/root/dev/pts'] with env {'LANG': 'en_US.UTF-8', 'TERM': 'vt100', 'SHELL': '/bin/sh', 'HOSTNAME': 'mock', 'HOME': '/builddir', 'PATH': '/usr/bin:/bin:/usr/sbin:/sbin'} and shell False
DEBUG util.py:624:  Child return code was: 0
DEBUG util.py:111:  ensuring that dir exists: /var/lib/mock/rhel7-x86_64-u7-oci_ol7_package_builder-997-build0/root/var/cache/yum/
DEBUG util.py:642:  child environment: None
DEBUG util.py:569:  Executing command: ['/bin/mount', '-n', '--bind', '/var/cache/mock/rhel7-x86_64-u7/yum_cache/', '/var/lib/mock/rhel7-x86_64-u7-oci_ol7_package_builder-997-build0/root/var/cache/yum/'] with env {'LANG': 'en_US.UTF-8', 'TERM': 'vt100', 'SHELL': '/bin/sh', 'HOSTNAME': 'mock', 'HOME': '/builddir', 'PATH': '/usr/bin:/bin:/usr/sbin:/sbin'} and shell False
DEBUG util.py:624:  Child return code was: 0
DEBUG util.py:111:  ensuring that dir exists: /var/lib/mock/rhel7-x86_64-u7-oci_ol7_package_builder-997-build0/root/proc/filesystems
DEBUG util.py:642:  child environment: None
DEBUG util.py:569:  Executing command: ['/bin/mount', '-n', '--bind', '/tmp/mock-selinux-plugin.wRYqay', '/var/lib/mock/rhel7-x86_64-u7-oci_ol7_package_builder-997-build0/root/proc/filesystems'] with env {'LANG': 'en_US.UTF-8', 'TERM': 'vt100', 'SHELL': '/bin/sh', 'HOSTNAME': 'mock', 'HOME': '/builddir', 'PATH': '/usr/bin:/bin:/usr/sbin:/sbin'} and shell False
DEBUG util.py:624:  Child return code was: 0
DEBUG buildroot.py:142:  rootdir = /var/lib/mock/rhel7-x86_64-u7-oci_ol7_package_builder-997-build0/root
DEBUG buildroot.py:143:  resultdir = /var/lib/mock/rhel7-x86_64-u7-oci_ol7_package_builder-997-build0/result
DEBUG util.py:111:  ensuring that dir exists: /var/lib/mock/rhel7-x86_64-u7-oci_ol7_package_builder-997-build0/root/etc/pki/mock
DEBUG util.py:111:  ensuring that dir exists: /var/lib/mock/rhel7-x86_64-u7-oci_ol7_package_builder-997-build0/root/etc/yum/pluginconf.d
DEBUG package_manager.py:245:  configure yum
DEBUG package_manager.py:257:  configure yum priorities
DEBUG package_manager.py:259:  configure yum rhnplugin
DEBUG util.py:642:  child environment: None
DEBUG util.py:569:  Executing command: ['/usr/sbin/usermod', '-u', '1039', '--non-unique', 'mockbuild'] with env {'LANG': 'en_US.UTF-8', 'TERM': 'vt100', 'SHELL': '/bin/bash', 'HOSTNAME': 'mock', 'PROMPT_COMMAND': 'printf "\\033]0;<mock-chroot>\\007"', 'HOME': '/builddir', 'PATH': '/usr/bin:/bin:/usr/sbin:/sbin', 'PS1': '<mock-chroot> \\s-\\v\\$ '} and shell False
DEBUG util.py:482:  BUILDSTDERR: usermod: no changes
DEBUG util.py:624:  Child return code was: 0
DEBUG util.py:124:  touching file: /var/lib/mock/rhel7-x86_64-u7-oci_ol7_package_builder-997-build0/root/.initialized
DEBUG util.py:223:  kill orphans
DEBUG util.py:642:  child environment: None
DEBUG util.py:569:  Executing command: ['/bin/umount', '-n', '/var/lib/mock/rhel7-x86_64-u7-oci_ol7_package_builder-997-build0/root/proc/filesystems'] with env {'LANG': 'en_US.UTF-8', 'TERM': 'vt100', 'SHELL': '/bin/sh', 'HOSTNAME': 'mock', 'HOME': '/builddir', 'PATH': '/usr/bin:/bin:/usr/sbin:/sbin'} and shell False
DEBUG util.py:624:  Child return code was: 0
DEBUG util.py:642:  child environment: None
DEBUG util.py:569:  Executing command: ['/bin/umount', '-n', '/var/lib/mock/rhel7-x86_64-u7-oci_ol7_package_builder-997-build0/root/var/cache/yum/'] with env {'LANG': 'en_US.UTF-8', 'TERM': 'vt100', 'SHELL': '/bin/sh', 'HOSTNAME': 'mock', 'HOME': '/builddir', 'PATH': '/usr/bin:/bin:/usr/sbin:/sbin'} and shell False
DEBUG util.py:624:  Child return code was: 0
DEBUG util.py:642:  child environment: None
DEBUG util.py:569:  Executing command: ['/bin/umount', '-n', '-l', '/var/lib/mock/rhel7-x86_64-u7-oci_ol7_package_builder-997-build0/root/dev/pts'] with env {'LANG': 'en_US.UTF-8', 'TERM': 'vt100', 'SHELL': '/bin/sh', 'HOSTNAME': 'mock', 'HOME': '/builddir', 'PATH': '/usr/bin:/bin:/usr/sbin:/sbin'} and shell False
DEBUG util.py:624:  Child return code was: 0
DEBUG util.py:642:  child environment: None
DEBUG util.py:569:  Executing command: ['/bin/umount', '-n', '-l', '/var/lib/mock/rhel7-x86_64-u7-oci_ol7_package_builder-997-build0/root/dev/shm'] with env {'LANG': 'en_US.UTF-8', 'TERM': 'vt100', 'SHELL': '/bin/sh', 'HOSTNAME': 'mock', 'HOME': '/builddir', 'PATH': '/usr/bin:/bin:/usr/sbin:/sbin'} and shell False
DEBUG util.py:624:  Child return code was: 0
DEBUG util.py:642:  child environment: None
DEBUG util.py:569:  Executing command: ['/bin/umount', '-n', '-l', '/var/lib/mock/rhel7-x86_64-u7-oci_ol7_package_builder-997-build0/root/sys'] with env {'LANG': 'en_US.UTF-8', 'TERM': 'vt100', 'SHELL': '/bin/sh', 'HOSTNAME': 'mock', 'HOME': '/builddir', 'PATH': '/usr/bin:/bin:/usr/sbin:/sbin'} and shell False
DEBUG util.py:624:  Child return code was: 0
DEBUG util.py:642:  child environment: None
DEBUG util.py:569:  Executing command: ['/bin/umount', '-n', '-l', '/var/lib/mock/rhel7-x86_64-u7-oci_ol7_package_builder-997-build0/root/proc'] with env {'LANG': 'en_US.UTF-8', 'TERM': 'vt100', 'SHELL': '/bin/sh', 'HOSTNAME': 'mock', 'HOME': '/builddir', 'PATH': '/usr/bin:/bin:/usr/sbin:/sbin'} and shell False
DEBUG util.py:624:  Child return code was: 0
INFO buildroot.py:348:  Mock Version: 1.4.9
DEBUG util.py:111:  ensuring that dir exists: /var/lib/mock/rhel7-x86_64-u7-oci_ol7_package_builder-997-build0/root/dev/pts
DEBUG util.py:111:  ensuring that dir exists: /var/lib/mock/rhel7-x86_64-u7-oci_ol7_package_builder-997-build0/root/dev/shm
DEBUG buildroot.py:479:  kernel version == 4.14.35-1902.3.1.el7uek.x86_64
DEBUG util.py:124:  touching file: /var/lib/mock/rhel7-x86_64-u7-oci_ol7_package_builder-997-build0/root/etc/fstab
DEBUG util.py:124:  touching file: /var/lib/mock/rhel7-x86_64-u7-oci_ol7_package_builder-997-build0/root/etc/yum/yum.conf
DEBUG util.py:124:  touching file: /var/lib/mock/rhel7-x86_64-u7-oci_ol7_package_builder-997-build0/root/etc/dnf/dnf.conf
DEBUG util.py:124:  touching file: /var/lib/mock/rhel7-x86_64-u7-oci_ol7_package_builder-997-build0/root/var/log/yum.log
DEBUG util.py:111:  ensuring that dir exists: /var/lib/mock/rhel7-x86_64-u7-oci_ol7_package_builder-997-build0/root/proc
DEBUG util.py:642:  child environment: None
DEBUG util.py:569:  Executing command: ['/bin/mount', '-n', '-t', 'proc', 'proc', '/var/lib/mock/rhel7-x86_64-u7-oci_ol7_package_builder-997-build0/root/proc'] with env {'LANG': 'en_US.UTF-8', 'TERM': 'vt100', 'SHELL': '/bin/sh', 'HOSTNAME': 'mock', 'HOME': '/builddir', 'PATH': '/usr/bin:/bin:/usr/sbin:/sbin'} and shell False
DEBUG util.py:624:  Child return code was: 0
DEBUG util.py:111:  ensuring that dir exists: /var/lib/mock/rhel7-x86_64-u7-oci_ol7_package_builder-997-build0/root/sys
DEBUG util.py:642:  child environment: None
DEBUG util.py:569:  Executing command: ['/bin/mount', '-n', '-t', 'sysfs', 'sysfs', '/var/lib/mock/rhel7-x86_64-u7-oci_ol7_package_builder-997-build0/root/sys'] with env {'LANG': 'en_US.UTF-8', 'TERM': 'vt100', 'SHELL': '/bin/sh', 'HOSTNAME': 'mock', 'HOME': '/builddir', 'PATH': '/usr/bin:/bin:/usr/sbin:/sbin'} and shell False
DEBUG util.py:624:  Child return code was: 0
DEBUG util.py:111:  ensuring that dir exists: /var/lib/mock/rhel7-x86_64-u7-oci_ol7_package_builder-997-build0/root/dev/shm
DEBUG util.py:642:  child environment: None
DEBUG util.py:569:  Executing command: ['/bin/mount', '-n', '-t', 'tmpfs', 'tmpfs', '/var/lib/mock/rhel7-x86_64-u7-oci_ol7_package_builder-997-build0/root/dev/shm'] with env {'LANG': 'en_US.UTF-8', 'TERM': 'vt100', 'SHELL': '/bin/sh', 'HOSTNAME': 'mock', 'HOME': '/builddir', 'PATH': '/usr/bin:/bin:/usr/sbin:/sbin'} and shell False
DEBUG util.py:624:  Child return code was: 0
DEBUG util.py:111:  ensuring that dir exists: /var/lib/mock/rhel7-x86_64-u7-oci_ol7_package_builder-997-build0/root/dev/pts
DEBUG util.py:642:  child environment: None
DEBUG util.py:569:  Executing command: ['/bin/mount', '-n', '-t', 'devpts', '-o', 'gid=5,mode=0620,ptmxmode=0666,newinstance', 'devpts', '/var/lib/mock/rhel7-x86_64-u7-oci_ol7_package_builder-997-build0/root/dev/pts'] with env {'LANG': 'en_US.UTF-8', 'TERM': 'vt100', 'SHELL': '/bin/sh', 'HOSTNAME': 'mock', 'HOME': '/builddir', 'PATH': '/usr/bin:/bin:/usr/sbin:/sbin'} and shell False
DEBUG util.py:624:  Child return code was: 0
DEBUG util.py:111:  ensuring that dir exists: /var/lib/mock/rhel7-x86_64-u7-oci_ol7_package_builder-997-build0/root/var/cache/yum/
DEBUG util.py:642:  child environment: None
DEBUG util.py:569:  Executing command: ['/bin/mount', '-n', '--bind', '/var/cache/mock/rhel7-x86_64-u7/yum_cache/', '/var/lib/mock/rhel7-x86_64-u7-oci_ol7_package_builder-997-build0/root/var/cache/yum/'] with env {'LANG': 'en_US.UTF-8', 'TERM': 'vt100', 'SHELL': '/bin/sh', 'HOSTNAME': 'mock', 'HOME': '/builddir', 'PATH': '/usr/bin:/bin:/usr/sbin:/sbin'} and shell False
DEBUG util.py:624:  Child return code was: 0
DEBUG util.py:111:  ensuring that dir exists: /var/lib/mock/rhel7-x86_64-u7-oci_ol7_package_builder-997-build0/root/proc/filesystems
DEBUG util.py:642:  child environment: None
DEBUG util.py:569:  Executing command: ['/bin/mount', '-n', '--bind', '/tmp/mock-selinux-plugin.dYGcb4', '/var/lib/mock/rhel7-x86_64-u7-oci_ol7_package_builder-997-build0/root/proc/filesystems'] with env {'LANG': 'en_US.UTF-8', 'TERM': 'vt100', 'SHELL': '/bin/sh', 'HOSTNAME': 'mock', 'HOME': '/builddir', 'PATH': '/usr/bin:/bin:/usr/sbin:/sbin'} and shell False
DEBUG util.py:624:  Child return code was: 0
DEBUG buildroot.py:142:  rootdir = /var/lib/mock/rhel7-x86_64-u7-oci_ol7_package_builder-997-build0/root
DEBUG buildroot.py:143:  resultdir = /var/lib/mock/rhel7-x86_64-u7-oci_ol7_package_builder-997-build0/result
DEBUG util.py:111:  ensuring that dir exists: /var/lib/mock/rhel7-x86_64-u7-oci_ol7_package_builder-997-build0/root/etc/pki/mock
DEBUG util.py:111:  ensuring that dir exists: /var/lib/mock/rhel7-x86_64-u7-oci_ol7_package_builder-997-build0/root/etc/yum/pluginconf.d
DEBUG package_manager.py:245:  configure yum
DEBUG package_manager.py:257:  configure yum priorities
DEBUG package_manager.py:259:  configure yum rhnplugin
DEBUG util.py:642:  child environment: None
DEBUG util.py:569:  Executing command: ['/usr/sbin/usermod', '-u', '1039', '--non-unique', 'mockbuild'] with env {'LANG': 'en_US.UTF-8', 'TERM': 'vt100', 'SHELL': '/bin/bash', 'HOSTNAME': 'mock', 'PROMPT_COMMAND': 'printf "\\033]0;<mock-chroot>\\007"', 'HOME': '/builddir', 'PATH': '/usr/bin:/bin:/usr/sbin:/sbin', 'PS1': '<mock-chroot> \\s-\\v\\$ '} and shell False
DEBUG util.py:482:  BUILDSTDERR: usermod: no changes
DEBUG util.py:624:  Child return code was: 0
DEBUG util.py:124:  touching file: /var/lib/mock/rhel7-x86_64-u7-oci_ol7_package_builder-997-build0/root/.initialized
INFO backend.py:332:  Running in chroot: ['echo %dist .el7 >> /etc/rpm/macros.disttag']
DEBUG util.py:642:  child environment: None
DEBUG util.py:569:  Executing command: ['/bin/sh', '-c', 'echo %dist .el7 >> /etc/rpm/macros.disttag'] with env {'LANG': 'en_US.UTF-8', 'TERM': 'vt100', 'SHELL': '/bin/bash', 'HOSTNAME': 'mock', 'PROMPT_COMMAND': 'printf "\\033]0;<mock-chroot>\\007"', 'HOME': '/builddir', 'PATH': '/usr/bin:/bin:/usr/sbin:/sbin', 'PS1': '<mock-chroot> \\s-\\v\\$ '} and shell False
DEBUG util.py:624:  Child return code was: 0
DEBUG util.py:223:  kill orphans
DEBUG util.py:642:  child environment: None
DEBUG util.py:569:  Executing command: ['/bin/umount', '-n', '/var/lib/mock/rhel7-x86_64-u7-oci_ol7_package_builder-997-build0/root/proc/filesystems'] with env {'LANG': 'en_US.UTF-8', 'TERM': 'vt100', 'SHELL': '/bin/sh', 'HOSTNAME': 'mock', 'HOME': '/builddir', 'PATH': '/usr/bin:/bin:/usr/sbin:/sbin'} and shell False
DEBUG util.py:624:  Child return code was: 0
DEBUG util.py:642:  child environment: None
DEBUG util.py:569:  Executing command: ['/bin/umount', '-n', '/var/lib/mock/rhel7-x86_64-u7-oci_ol7_package_builder-997-build0/root/var/cache/yum/'] with env {'LANG': 'en_US.UTF-8', 'TERM': 'vt100', 'SHELL': '/bin/sh', 'HOSTNAME': 'mock', 'HOME': '/builddir', 'PATH': '/usr/bin:/bin:/usr/sbin:/sbin'} and shell False
DEBUG util.py:624:  Child return code was: 0
DEBUG util.py:642:  child environment: None
DEBUG util.py:569:  Executing command: ['/bin/umount', '-n', '-l', '/var/lib/mock/rhel7-x86_64-u7-oci_ol7_package_builder-997-build0/root/dev/pts'] with env {'LANG': 'en_US.UTF-8', 'TERM': 'vt100', 'SHELL': '/bin/sh', 'HOSTNAME': 'mock', 'HOME': '/builddir', 'PATH': '/usr/bin:/bin:/usr/sbin:/sbin'} and shell False
DEBUG util.py:624:  Child return code was: 0
DEBUG util.py:642:  child environment: None
DEBUG util.py:569:  Executing command: ['/bin/umount', '-n', '-l', '/var/lib/mock/rhel7-x86_64-u7-oci_ol7_package_builder-997-build0/root/dev/shm'] with env {'LANG': 'en_US.UTF-8', 'TERM': 'vt100', 'SHELL': '/bin/sh', 'HOSTNAME': 'mock', 'HOME': '/builddir', 'PATH': '/usr/bin:/bin:/usr/sbin:/sbin'} and shell False
DEBUG util.py:624:  Child return code was: 0
DEBUG util.py:642:  child environment: None
DEBUG util.py:569:  Executing command: ['/bin/umount', '-n', '-l', '/var/lib/mock/rhel7-x86_64-u7-oci_ol7_package_builder-997-build0/root/sys'] with env {'LANG': 'en_US.UTF-8', 'TERM': 'vt100', 'SHELL': '/bin/sh', 'HOSTNAME': 'mock', 'HOME': '/builddir', 'PATH': '/usr/bin:/bin:/usr/sbin:/sbin'} and shell False
DEBUG util.py:624:  Child return code was: 0
DEBUG util.py:642:  child environment: None
DEBUG util.py:569:  Executing command: ['/bin/umount', '-n', '-l', '/var/lib/mock/rhel7-x86_64-u7-oci_ol7_package_builder-997-build0/root/proc'] with env {'LANG': 'en_US.UTF-8', 'TERM': 'vt100', 'SHELL': '/bin/sh', 'HOSTNAME': 'mock', 'HOME': '/builddir', 'PATH': '/usr/bin:/bin:/usr/sbin:/sbin'} and shell False
DEBUG util.py:624:  Child return code was: 0
INFO buildroot.py:348:  Mock Version: 1.4.9
DEBUG util.py:111:  ensuring that dir exists: /var/lib/mock/rhel7-x86_64-u7-oci_ol7_package_builder-997-build0/root/dev/pts
DEBUG util.py:111:  ensuring that dir exists: /var/lib/mock/rhel7-x86_64-u7-oci_ol7_package_builder-997-build0/root/dev/shm
DEBUG buildroot.py:479:  kernel version == 4.14.35-1902.3.1.el7uek.x86_64
DEBUG util.py:124:  touching file: /var/lib/mock/rhel7-x86_64-u7-oci_ol7_package_builder-997-build0/root/etc/fstab
DEBUG util.py:124:  touching file: /var/lib/mock/rhel7-x86_64-u7-oci_ol7_package_builder-997-build0/root/etc/yum/yum.conf
DEBUG util.py:124:  touching file: /var/lib/mock/rhel7-x86_64-u7-oci_ol7_package_builder-997-build0/root/etc/dnf/dnf.conf
DEBUG util.py:124:  touching file: /var/lib/mock/rhel7-x86_64-u7-oci_ol7_package_builder-997-build0/root/var/log/yum.log
DEBUG util.py:111:  ensuring that dir exists: /var/lib/mock/rhel7-x86_64-u7-oci_ol7_package_builder-997-build0/root/proc
DEBUG util.py:642:  child environment: None
DEBUG util.py:569:  Executing command: ['/bin/mount', '-n', '-t', 'proc', 'proc', '/var/lib/mock/rhel7-x86_64-u7-oci_ol7_package_builder-997-build0/root/proc'] with env {'LANG': 'en_US.UTF-8', 'TERM': 'vt100', 'SHELL': '/bin/sh', 'HOSTNAME': 'mock', 'HOME': '/builddir', 'PATH': '/usr/bin:/bin:/usr/sbin:/sbin'} and shell False
DEBUG util.py:624:  Child return code was: 0
DEBUG util.py:111:  ensuring that dir exists: /var/lib/mock/rhel7-x86_64-u7-oci_ol7_package_builder-997-build0/root/sys
DEBUG util.py:642:  child environment: None
DEBUG util.py:569:  Executing command: ['/bin/mount', '-n', '-t', 'sysfs', 'sysfs', '/var/lib/mock/rhel7-x86_64-u7-oci_ol7_package_builder-997-build0/root/sys'] with env {'LANG': 'en_US.UTF-8', 'TERM': 'vt100', 'SHELL': '/bin/sh', 'HOSTNAME': 'mock', 'HOME': '/builddir', 'PATH': '/usr/bin:/bin:/usr/sbin:/sbin'} and shell False
DEBUG util.py:624:  Child return code was: 0
DEBUG util.py:111:  ensuring that dir exists: /var/lib/mock/rhel7-x86_64-u7-oci_ol7_package_builder-997-build0/root/dev/shm
DEBUG util.py:642:  child environment: None
DEBUG util.py:569:  Executing command: ['/bin/mount', '-n', '-t', 'tmpfs', 'tmpfs', '/var/lib/mock/rhel7-x86_64-u7-oci_ol7_package_builder-997-build0/root/dev/shm'] with env {'LANG': 'en_US.UTF-8', 'TERM': 'vt100', 'SHELL': '/bin/sh', 'HOSTNAME': 'mock', 'HOME': '/builddir', 'PATH': '/usr/bin:/bin:/usr/sbin:/sbin'} and shell False
DEBUG util.py:624:  Child return code was: 0
DEBUG util.py:111:  ensuring that dir exists: /var/lib/mock/rhel7-x86_64-u7-oci_ol7_package_builder-997-build0/root/dev/pts
DEBUG util.py:642:  child environment: None
DEBUG util.py:569:  Executing command: ['/bin/mount', '-n', '-t', 'devpts', '-o', 'gid=5,mode=0620,ptmxmode=0666,newinstance', 'devpts', '/var/lib/mock/rhel7-x86_64-u7-oci_ol7_package_builder-997-build0/root/dev/pts'] with env {'LANG': 'en_US.UTF-8', 'TERM': 'vt100', 'SHELL': '/bin/sh', 'HOSTNAME': 'mock', 'HOME': '/builddir', 'PATH': '/usr/bin:/bin:/usr/sbin:/sbin'} and shell False
DEBUG util.py:624:  Child return code was: 0
DEBUG util.py:111:  ensuring that dir exists: /var/lib/mock/rhel7-x86_64-u7-oci_ol7_package_builder-997-build0/root/var/cache/yum/
DEBUG util.py:642:  child environment: None
DEBUG util.py:569:  Executing command: ['/bin/mount', '-n', '--bind', '/var/cache/mock/rhel7-x86_64-u7/yum_cache/', '/var/lib/mock/rhel7-x86_64-u7-oci_ol7_package_builder-997-build0/root/var/cache/yum/'] with env {'LANG': 'en_US.UTF-8', 'TERM': 'vt100', 'SHELL': '/bin/sh', 'HOSTNAME': 'mock', 'HOME': '/builddir', 'PATH': '/usr/bin:/bin:/usr/sbin:/sbin'} and shell False
DEBUG util.py:624:  Child return code was: 0
DEBUG util.py:111:  ensuring that dir exists: /var/lib/mock/rhel7-x86_64-u7-oci_ol7_package_builder-997-build0/root/proc/filesystems
DEBUG util.py:642:  child environment: None
DEBUG util.py:569:  Executing command: ['/bin/mount', '-n', '--bind', '/tmp/mock-selinux-plugin.in4cyu', '/var/lib/mock/rhel7-x86_64-u7-oci_ol7_package_builder-997-build0/root/proc/filesystems'] with env {'LANG': 'en_US.UTF-8', 'TERM': 'vt100', 'SHELL': '/bin/sh', 'HOSTNAME': 'mock', 'HOME': '/builddir', 'PATH': '/usr/bin:/bin:/usr/sbin:/sbin'} and shell False
DEBUG util.py:624:  Child return code was: 0
DEBUG buildroot.py:142:  rootdir = /var/lib/mock/rhel7-x86_64-u7-oci_ol7_package_builder-997-build0/root
DEBUG buildroot.py:143:  resultdir = /var/lib/mock/rhel7-x86_64-u7-oci_ol7_package_builder-997-build0/result
DEBUG util.py:111:  ensuring that dir exists: /var/lib/mock/rhel7-x86_64-u7-oci_ol7_package_builder-997-build0/root/etc/pki/mock
DEBUG util.py:111:  ensuring that dir exists: /var/lib/mock/rhel7-x86_64-u7-oci_ol7_package_builder-997-build0/root/etc/yum/pluginconf.d
DEBUG package_manager.py:245:  configure yum
DEBUG package_manager.py:257:  configure yum priorities
DEBUG package_manager.py:259:  configure yum rhnplugin
DEBUG util.py:642:  child environment: None
DEBUG util.py:569:  Executing command: ['/usr/sbin/userdel', '-f', 'mockbuild'] with env {'LANG': 'en_US.UTF-8', 'TERM': 'vt100', 'SHELL': '/bin/bash', 'HOSTNAME': 'mock', 'PROMPT_COMMAND': 'printf "\\033]0;<mock-chroot>\\007"', 'HOME': '/builddir', 'PATH': '/usr/bin:/bin:/usr/sbin:/sbin', 'PS1': '<mock-chroot> \\s-\\v\\$ '} and shell False
DEBUG util.py:624:  Child return code was: 0
DEBUG util.py:642:  child environment: None
DEBUG util.py:569:  Executing command: ['/usr/sbin/groupdel', 'mock'] with env {'LANG': 'en_US.UTF-8', 'TERM': 'vt100', 'SHELL': '/bin/bash', 'HOSTNAME': 'mock', 'PROMPT_COMMAND': 'printf "\\033]0;<mock-chroot>\\007"', 'HOME': '/builddir', 'PATH': '/usr/bin:/bin:/usr/sbin:/sbin', 'PS1': '<mock-chroot> \\s-\\v\\$ '} and shell False
DEBUG util.py:624:  Child return code was: 0
DEBUG util.py:642:  child environment: None
DEBUG util.py:569:  Executing command: ['/usr/sbin/groupadd', '-g', '135', 'mock'] with env {'LANG': 'en_US.UTF-8', 'TERM': 'vt100', 'SHELL': '/bin/bash', 'HOSTNAME': 'mock', 'PROMPT_COMMAND': 'printf "\\033]0;<mock-chroot>\\007"', 'HOME': '/builddir', 'PATH': '/usr/bin:/bin:/usr/sbin:/sbin', 'PS1': '<mock-chroot> \\s-\\v\\$ '} and shell False
DEBUG util.py:624:  Child return code was: 0
DEBUG util.py:642:  child environment: None
DEBUG util.py:569:  Executing command: ['/usr/sbin/useradd', '-o', '-m', '-u', '1039', '-g', '135', '-d', '/builddir', '-n', 'mockbuild'] with env {'LANG': 'en_US.UTF-8', 'TERM': 'vt100', 'SHELL': '/bin/bash', 'HOSTNAME': 'mock', 'PROMPT_COMMAND': 'printf "\\033]0;<mock-chroot>\\007"', 'HOME': '/builddir', 'PATH': '/usr/bin:/bin:/usr/sbin:/sbin', 'PS1': '<mock-chroot> \\s-\\v\\$ '} and shell False
DEBUG util.py:482:  BUILDSTDERR: useradd: warning: the home directory already exists.
DEBUG util.py:482:  BUILDSTDERR: Not copying any file from skel directory into it.
DEBUG util.py:482:  BUILDSTDERR: Creating mailbox file: File exists
DEBUG util.py:624:  Child return code was: 0
DEBUG util.py:111:  ensuring that dir exists: /var/lib/mock/rhel7-x86_64-u7-oci_ol7_package_builder-997-build0/root/builddir/build/RPMS
DEBUG util.py:114:  creating dir: /var/lib/mock/rhel7-x86_64-u7-oci_ol7_package_builder-997-build0/root/builddir/build/RPMS
DEBUG util.py:111:  ensuring that dir exists: /var/lib/mock/rhel7-x86_64-u7-oci_ol7_package_builder-997-build0/root/builddir/build/SPECS
DEBUG util.py:114:  creating dir: /var/lib/mock/rhel7-x86_64-u7-oci_ol7_package_builder-997-build0/root/builddir/build/SPECS
DEBUG util.py:111:  ensuring that dir exists: /var/lib/mock/rhel7-x86_64-u7-oci_ol7_package_builder-997-build0/root/builddir/build/SRPMS
DEBUG util.py:114:  creating dir: /var/lib/mock/rhel7-x86_64-u7-oci_ol7_package_builder-997-build0/root/builddir/build/SRPMS
DEBUG util.py:111:  ensuring that dir exists: /var/lib/mock/rhel7-x86_64-u7-oci_ol7_package_builder-997-build0/root/builddir/build/SOURCES
DEBUG util.py:111:  ensuring that dir exists: /var/lib/mock/rhel7-x86_64-u7-oci_ol7_package_builder-997-build0/root/builddir/build/BUILD
DEBUG util.py:114:  creating dir: /var/lib/mock/rhel7-x86_64-u7-oci_ol7_package_builder-997-build0/root/builddir/build/BUILD
DEBUG util.py:111:  ensuring that dir exists: /var/lib/mock/rhel7-x86_64-u7-oci_ol7_package_builder-997-build0/root/builddir/build/BUILDROOT
DEBUG util.py:114:  creating dir: /var/lib/mock/rhel7-x86_64-u7-oci_ol7_package_builder-997-build0/root/builddir/build/BUILDROOT
DEBUG util.py:111:  ensuring that dir exists: /var/lib/mock/rhel7-x86_64-u7-oci_ol7_package_builder-997-build0/root/builddir/build/originals
DEBUG util.py:114:  creating dir: /var/lib/mock/rhel7-x86_64-u7-oci_ol7_package_builder-997-build0/root/builddir/build/originals
DEBUG util.py:124:  touching file: /var/lib/mock/rhel7-x86_64-u7-oci_ol7_package_builder-997-build0/root/.initialized
DEBUG util.py:642:  child environment: None
DEBUG util.py:569:  Executing command: ['/bin/rpm', '-Uvh', '--nodeps', '/builddir/build/originals/shim-15-5.0.3.el7.src.rpm'] with env {'LANG': 'en_US.UTF-8', 'TERM': 'vt100', 'SHELL': '/bin/bash', 'HOSTNAME': 'mock', 'PROMPT_COMMAND': 'printf "\\033]0;<mock-chroot>\\007"', 'HOME': '/builddir', 'PATH': '/usr/bin:/bin:/usr/sbin:/sbin', 'PS1': '<mock-chroot> \\s-\\v\\$ '} and shell False
DEBUG util.py:484:  Updating / installing...
DEBUG util.py:484:  shim-15-5.0.3.el7                     ########################################
DEBUG util.py:624:  Child return code was: 0
DEBUG util.py:642:  child environment: None
DEBUG util.py:569:  Executing command: ['/bin/rpm', '-qpl', '/builddir/build/originals/shim-15-5.0.3.el7.src.rpm'] with env {'LANG': 'en_US.UTF-8', 'TERM': 'vt100', 'SHELL': '/bin/bash', 'HOSTNAME': 'mock', 'PROMPT_COMMAND': 'printf "\\033]0;<mock-chroot>\\007"', 'HOME': '/builddir', 'PATH': '/usr/bin:/bin:/usr/sbin:/sbin', 'PS1': '<mock-chroot> \\s-\\v\\$ '} and shell False
DEBUG util.py:484:  0001-Make-sure-that-MOK-variables-always-get-mirrored.patch
DEBUG util.py:484:  0002-mok-fix-the-mirroring-of-RT-variables.patch
DEBUG util.py:484:  0003-mok-consolidate-mirroring-code-in-a-helper-instead-o.patch
DEBUG util.py:484:  0004-Make-VLogError-behave-as-expected.patch
DEBUG util.py:484:  0005-Once-again-try-even-harder-to-get-binaries-without-t.patch
DEBUG util.py:484:  0006-MokListRT-Fatal.patch
DEBUG util.py:484:  0007-Remove-call-to-TPM2-get_event_log.patch
DEBUG util.py:484:  0008-Add-grub2-PCR-usage-to_README_TPM.patch
DEBUG util.py:484:  0009-Fix-for-Section-0-has-negative-size-error-when-loadi.patch
DEBUG util.py:484:  OL7Secureboot.cer
DEBUG util.py:484:  shim-15.tar.bz2
DEBUG util.py:484:  shim-find-debuginfo.sh
DEBUG util.py:484:  shim.spec
DEBUG util.py:624:  Child return code was: 0
DEBUG util.py:642:  child environment: None
DEBUG package_manager.py:111:  ['/usr/bin/yum-builddep', '--installroot', '/var/lib/mock/rhel7-x86_64-u7-oci_ol7_package_builder-997-build0/root/', '/var/lib/mock/rhel7-x86_64-u7-oci_ol7_package_builder-997-build0/root//builddir/build/SRPMS/shim-15-5.0.3.el7.src.rpm']
DEBUG util.py:642:  child environment: None
DEBUG util.py:569:  Executing command: ['/usr/bin/yum-builddep', '--installroot', '/var/lib/mock/rhel7-x86_64-u7-oci_ol7_package_builder-997-build0/root/', '/var/lib/mock/rhel7-x86_64-u7-oci_ol7_package_builder-997-build0/root//builddir/build/SRPMS/shim-15-5.0.3.el7.src.rpm', '--setopt=tsflags=nocontexts'] with env {'LANG': 'en_US.UTF-8', 'TERM': 'vt100', 'SHELL': '/bin/bash', 'LC_MESSAGES': 'C.UTF-8', 'HOSTNAME': 'mock', 'PROMPT_COMMAND': 'printf "\\033]0;<mock-chroot>\\007"', 'HOME': '/builddir', 'PATH': '/usr/bin:/bin:/usr/sbin:/sbin', 'PS1': '<mock-chroot> \\s-\\v\\$ '} and shell False
DEBUG util.py:482:  BUILDSTDERR: Failed to set locale, defaulting to C
DEBUG util.py:484:  Getting requirements for shim-15-5.0.3.el7.src
DEBUG util.py:484:   --> git-1.8.3.1-20.el7.x86_64
DEBUG util.py:484:   --> 1:openssl-devel-1.0.2k-19.0.1.el7.x86_64
DEBUG util.py:484:   --> 1:openssl-1.0.2k-19.0.1.el7.x86_64
DEBUG util.py:484:   --> pesign-0.109-10.0.1.el7.x86_64
DEBUG util.py:484:   --> 1:gnu-efi-3.0.8-2.0.1.el7.x86_64
DEBUG util.py:484:   --> 1:gnu-efi-devel-3.0.8-2.0.1.el7.x86_64
DEBUG util.py:484:   --> 2:vim-common-7.4.629-2.el7.x86_64
DEBUG util.py:484:  ================================================================================
DEBUG util.py:484:   Package               Arch     Version                     Repository     Size
DEBUG util.py:484:  ================================================================================
DEBUG util.py:484:  Installing:
DEBUG util.py:484:   git                   x86_64   1.8.3.1-20.el7              u6-extras.0   4.4 M
DEBUG util.py:484:   gnu-efi               x86_64   1:3.0.8-2.0.1.el7           u6             65 k
DEBUG util.py:484:   gnu-efi-devel         x86_64   1:3.0.8-2.0.1.el7           u6            108 k
DEBUG util.py:484:   openssl               x86_64   1:1.0.2k-19.0.1.el7         u7            493 k
DEBUG util.py:484:   openssl-devel         x86_64   1:1.0.2k-19.0.1.el7         u7            1.5 M
DEBUG util.py:484:   pesign                x86_64   0.109-10.0.1.el7            u3             89 k
DEBUG util.py:484:   vim-common            x86_64   2:7.4.629-2.el7             u7            5.9 M
DEBUG util.py:484:  Installing for dependencies:
DEBUG util.py:484:   coolkey               x86_64   1.1.0-40.el7                u6            115 k
DEBUG util.py:484:   fipscheck             x86_64   1.4.1-6.el7                 u4             21 k
DEBUG util.py:484:   fipscheck-lib         x86_64   1.4.1-6.el7                 u4             10 k
DEBUG util.py:484:   keyutils-libs-devel   x86_64   1.5.8-3.el7                 u0             36 k
DEBUG util.py:484:   krb5-devel            x86_64   1.15.1-37.el7_6             u6-extras.0   271 k
DEBUG util.py:484:   less                  x86_64   458-9.el7                   u2            119 k
DEBUG util.py:484:   libcom_err-devel      x86_64   1.42.9-15.el7               u7             31 k
DEBUG util.py:484:   libedit               x86_64   3.0-12.20121213cvs.el7      u0             87 k
DEBUG util.py:484:   libkadm5              x86_64   1.15.1-37.el7_6             u6-extras.0   177 k
DEBUG util.py:484:   libselinux-devel      x86_64   2.5-14.1.el7                u6            186 k
DEBUG util.py:484:   libsepol-devel        x86_64   2.5-10.el7                  u6             76 k
DEBUG util.py:484:   libusbx               x86_64   1.0.21-1.el7                u5             61 k
DEBUG util.py:484:   libverto-devel        x86_64   0.2.5-4.el7                 u0             10 k
DEBUG util.py:484:   opensc                x86_64   0.19.0-3.el7                u7            1.1 M
DEBUG util.py:484:   openssh               x86_64   7.4p1-20.el7                u7            509 k
DEBUG util.py:484:   openssh-clients       x86_64   7.4p1-20.el7                u7            654 k
DEBUG util.py:484:   pcre-devel            x86_64   8.32-17.el7                 u4            479 k
DEBUG util.py:484:   pcsc-lite             x86_64   1.8.8-8.el7                 u6            190 k
DEBUG util.py:484:   pcsc-lite-ccid        x86_64   1.4.10-15.el7               u7            159 k
DEBUG util.py:484:   pcsc-lite-libs        x86_64   1.8.8-8.el7                 u6             34 k
DEBUG util.py:484:   perl-Error            noarch   1:0.17020-2.el7             u0             31 k
DEBUG util.py:484:   perl-Git              noarch   1.8.3.1-20.el7              u6-extras.0    55 k
DEBUG util.py:484:   perl-TermReadKey      x86_64   2.30-20.el7                 u0             30 k
DEBUG util.py:484:   rsync                 x86_64   3.1.2-6.el7_6.1             u6-extras.0   403 k
DEBUG util.py:484:   vim-filesystem        x86_64   2:7.4.629-2.el7             u7             10 k
DEBUG util.py:484:   zlib-devel            x86_64   1.2.7-18.el7                u6             49 k
DEBUG util.py:484:  Transaction Summary
DEBUG util.py:484:  ================================================================================
DEBUG util.py:484:  Install  7 Packages (+26 Dependent packages)
DEBUG util.py:484:  Total download size: 17 M
DEBUG util.py:484:  Installed size: 62 M
DEBUG util.py:484:  Installed:
DEBUG util.py:484:    git.x86_64 0:1.8.3.1-20.el7               gnu-efi.x86_64 1:3.0.8-2.0.1.el7   
DEBUG util.py:484:    gnu-efi-devel.x86_64 1:3.0.8-2.0.1.el7    openssl.x86_64 1:1.0.2k-19.0.1.el7 
DEBUG util.py:484:    openssl-devel.x86_64 1:1.0.2k-19.0.1.el7  pesign.x86_64 0:0.109-10.0.1.el7   
DEBUG util.py:484:    vim-common.x86_64 2:7.4.629-2.el7        
DEBUG util.py:484:  Dependency Installed:
DEBUG util.py:484:    coolkey.x86_64 0:1.1.0-40.el7                                                 
DEBUG util.py:484:    fipscheck.x86_64 0:1.4.1-6.el7                                                
DEBUG util.py:484:    fipscheck-lib.x86_64 0:1.4.1-6.el7                                            
DEBUG util.py:484:    keyutils-libs-devel.x86_64 0:1.5.8-3.el7                                      
DEBUG util.py:484:    krb5-devel.x86_64 0:1.15.1-37.el7_6                                           
DEBUG util.py:484:    less.x86_64 0:458-9.el7                                                       
DEBUG util.py:484:    libcom_err-devel.x86_64 0:1.42.9-15.el7                                       
DEBUG util.py:484:    libedit.x86_64 0:3.0-12.20121213cvs.el7                                       
DEBUG util.py:484:    libkadm5.x86_64 0:1.15.1-37.el7_6                                             
DEBUG util.py:484:    libselinux-devel.x86_64 0:2.5-14.1.el7                                        
DEBUG util.py:484:    libsepol-devel.x86_64 0:2.5-10.el7                                            
DEBUG util.py:484:    libusbx.x86_64 0:1.0.21-1.el7                                                 
DEBUG util.py:484:    libverto-devel.x86_64 0:0.2.5-4.el7                                           
DEBUG util.py:484:    opensc.x86_64 0:0.19.0-3.el7                                                  
DEBUG util.py:484:    openssh.x86_64 0:7.4p1-20.el7                                                 
DEBUG util.py:484:    openssh-clients.x86_64 0:7.4p1-20.el7                                         
DEBUG util.py:484:    pcre-devel.x86_64 0:8.32-17.el7                                               
DEBUG util.py:484:    pcsc-lite.x86_64 0:1.8.8-8.el7                                                
DEBUG util.py:484:    pcsc-lite-ccid.x86_64 0:1.4.10-15.el7                                         
DEBUG util.py:484:    pcsc-lite-libs.x86_64 0:1.8.8-8.el7                                           
DEBUG util.py:484:    perl-Error.noarch 1:0.17020-2.el7                                             
DEBUG util.py:484:    perl-Git.noarch 0:1.8.3.1-20.el7                                              
DEBUG util.py:484:    perl-TermReadKey.x86_64 0:2.30-20.el7                                         
DEBUG util.py:484:    rsync.x86_64 0:3.1.2-6.el7_6.1                                                
DEBUG util.py:484:    vim-filesystem.x86_64 2:7.4.629-2.el7                                         
DEBUG util.py:484:    zlib-devel.x86_64 0:1.2.7-18.el7                                              
DEBUG util.py:624:  Child return code was: 0
DEBUG util.py:642:  child environment: None
DEBUG util.py:569:  Executing command: rpm -qa --root '/var/lib/mock/rhel7-x86_64-u7-oci_ol7_package_builder-997-build0/root' --qf '%{nevra} %{buildtime} %{size} %{pkgid} installed\n' > /var/lib/mock/rhel7-x86_64-u7-oci_ol7_package_builder-997-build0/result/installed_pkgs.log with env {'LANG': 'en_US.UTF-8', 'TERM': 'vt100', 'SHELL': '/bin/bash', 'HOSTNAME': 'mock', 'PROMPT_COMMAND': 'printf "\\033]0;<mock-chroot>\\007"', 'PATH': '/usr/bin:/bin:/usr/sbin:/sbin', 'HOME': '/builddir', 'PS1': '<mock-chroot> \\s-\\v\\$ '} and shell True
DEBUG util.py:624:  Child return code was: 0
DEBUG util.py:642:  child environment: None
DEBUG backend.py:505:  Copying packages to result dir
DEBUG util.py:223:  kill orphans
DEBUG util.py:642:  child environment: None
DEBUG util.py:569:  Executing command: ['/bin/umount', '-n', '/var/lib/mock/rhel7-x86_64-u7-oci_ol7_package_builder-997-build0/root/proc/filesystems'] with env {'LANG': 'en_US.UTF-8', 'TERM': 'vt100', 'SHELL': '/bin/sh', 'HOSTNAME': 'mock', 'HOME': '/builddir', 'PATH': '/usr/bin:/bin:/usr/sbin:/sbin'} and shell False
DEBUG util.py:624:  Child return code was: 0
DEBUG util.py:642:  child environment: None
DEBUG util.py:569:  Executing command: ['/bin/umount', '-n', '/var/lib/mock/rhel7-x86_64-u7-oci_ol7_package_builder-997-build0/root/var/cache/yum/'] with env {'LANG': 'en_US.UTF-8', 'TERM': 'vt100', 'SHELL': '/bin/sh', 'HOSTNAME': 'mock', 'HOME': '/builddir', 'PATH': '/usr/bin:/bin:/usr/sbin:/sbin'} and shell False
DEBUG util.py:624:  Child return code was: 0
DEBUG util.py:642:  child environment: None
DEBUG util.py:569:  Executing command: ['/bin/umount', '-n', '-l', '/var/lib/mock/rhel7-x86_64-u7-oci_ol7_package_builder-997-build0/root/dev/pts'] with env {'LANG': 'en_US.UTF-8', 'TERM': 'vt100', 'SHELL': '/bin/sh', 'HOSTNAME': 'mock', 'HOME': '/builddir', 'PATH': '/usr/bin:/bin:/usr/sbin:/sbin'} and shell False
DEBUG util.py:624:  Child return code was: 0
DEBUG util.py:642:  child environment: None
DEBUG util.py:569:  Executing command: ['/bin/umount', '-n', '-l', '/var/lib/mock/rhel7-x86_64-u7-oci_ol7_package_builder-997-build0/root/dev/shm'] with env {'LANG': 'en_US.UTF-8', 'TERM': 'vt100', 'SHELL': '/bin/sh', 'HOSTNAME': 'mock', 'HOME': '/builddir', 'PATH': '/usr/bin:/bin:/usr/sbin:/sbin'} and shell False
DEBUG util.py:624:  Child return code was: 0
DEBUG util.py:642:  child environment: None
DEBUG util.py:569:  Executing command: ['/bin/umount', '-n', '-l', '/var/lib/mock/rhel7-x86_64-u7-oci_ol7_package_builder-997-build0/root/sys'] with env {'LANG': 'en_US.UTF-8', 'TERM': 'vt100', 'SHELL': '/bin/sh', 'HOSTNAME': 'mock', 'HOME': '/builddir', 'PATH': '/usr/bin:/bin:/usr/sbin:/sbin'} and shell False
DEBUG util.py:624:  Child return code was: 0
DEBUG util.py:642:  child environment: None
DEBUG util.py:569:  Executing command: ['/bin/umount', '-n', '-l', '/var/lib/mock/rhel7-x86_64-u7-oci_ol7_package_builder-997-build0/root/proc'] with env {'LANG': 'en_US.UTF-8', 'TERM': 'vt100', 'SHELL': '/bin/sh', 'HOSTNAME': 'mock', 'HOME': '/builddir', 'PATH': '/usr/bin:/bin:/usr/sbin:/sbin'} and shell False
DEBUG util.py:624:  Child return code was: 0
